# JRE version: OpenJDK Runtime Environment (11.0.12+7) (build 11.0.12+7-b1504.28-7817840)
# Java VM: OpenJDK 64-Bit Server VM (11.0.12+7-b1504.28-7817840, mixed mode, tiered, compressed oops, g1 gc, windows-amd64)
Heap:
 garbage-first heap   total 131072K, used 73630K [0x0000000080000000, 0x0000000100000000)
  region size 1024K, 31 young (31744K), 3 survivors (3072K)
 Metaspace       used 60536K, capacity 62058K, committed 62336K, reserved 1107968K
  class space    used 7718K, capacity 8269K, committed 8320K, reserved 1048576K
GC Heap History (20 events):
Event: 2.162 GC heap before
{Heap before GC invocations=0 (full 0):
 garbage-first heap   total 131072K, used 29696K [0x0000000080000000, 0x0000000100000000)
  region size 1024K, 24 young (24576K), 0 survivors (0K)
 Metaspace       used 10181K, capacity 10333K, committed 10624K, reserved 1058816K
  class space    used 1064K, capacity 1108K, committed 1152K, reserved 1048576K
}
Event: 2.176 GC heap after
{Heap after GC invocations=1 (full 0):
 garbage-first heap   total 131072K, used 9664K [0x0000000080000000, 0x0000000100000000)
  region size 1024K, 3 young (3072K), 3 survivors (3072K)
 Metaspace       used 10181K, capacity 10333K, committed 10624K, reserved 1058816K
  class space    used 1064K, capacity 1108K, committed 1152K, reserved 1048576K
}
Event: 3.715 GC heap before
{Heap before GC invocations=1 (full 0):
 garbage-first heap   total 131072K, used 32192K [0x0000000080000000, 0x0000000100000000)
  region size 1024K, 25 young (25600K), 3 survivors (3072K)
 Metaspace       used 11187K, capacity 11386K, committed 11520K, reserved 1058816K
  class space    used 1173K, capacity 1246K, committed 1280K, reserved 1048576K
}
Event: 3.723 GC heap after
{Heap after GC invocations=2 (full 0):
 garbage-first heap   total 131072K, used 10135K [0x0000000080000000, 0x0000000100000000)
  region size 1024K, 1 young (1024K), 1 survivors (1024K)
 Metaspace       used 11187K, capacity 11386K, committed 11520K, reserved 1058816K
  class space    used 1173K, capacity 1246K, committed 1280K, reserved 1048576K
}
Event: 7.547 GC heap before
{Heap before GC invocations=2 (full 0):
 garbage-first heap   total 131072K, used 60311K [0x0000000080000000, 0x0000000100000000)
  region size 1024K, 50 young (51200K), 1 survivors (1024K)
 Metaspace       used 17389K, capacity 17721K, committed 17792K, reserved 1064960K
  class space    used 2039K, capacity 2147K, committed 2176K, reserved 1048576K
}
Event: 7.557 GC heap after
{Heap after GC invocations=3 (full 0):
 garbage-first heap   total 131072K, used 16371K [0x0000000080000000, 0x0000000100000000)
  region size 1024K, 7 young (7168K), 7 survivors (7168K)
 Metaspace       used 17389K, capacity 17721K, committed 17792K, reserved 1064960K
  class space    used 2039K, capacity 2147K, committed 2176K, reserved 1048576K
}
Event: 8.286 GC heap before
{Heap before GC invocations=3 (full 0):
 garbage-first heap   total 131072K, used 48115K [0x0000000080000000, 0x0000000100000000)
  region size 1024K, 39 young (39936K), 7 survivors (7168K)
 Metaspace       used 20748K, capacity 21141K, committed 21248K, reserved 1067008K
  class space    used 2552K, capacity 2712K, committed 2816K, reserved 1048576K
}
Event: 8.300 GC heap after
{Heap after GC invocations=4 (full 0):
 garbage-first heap   total 131072K, used 18077K [0x0000000080000000, 0x0000000100000000)
  region size 1024K, 2 young (2048K), 2 survivors (2048K)
 Metaspace       used 20748K, capacity 21141K, committed 21248K, reserved 1067008K
  class space    used 2552K, capacity 2712K, committed 2816K, reserved 1048576K
}
Event: 9.472 GC heap before
{Heap before GC invocations=5 (full 0):
 garbage-first heap   total 131072K, used 73373K [0x0000000080000000, 0x0000000100000000)
  region size 1024K, 56 young (57344K), 2 survivors (2048K)
 Metaspace       used 26656K, capacity 27272K, committed 27520K, reserved 1073152K
  class space    used 3479K, capacity 3702K, committed 3712K, reserved 1048576K
}
Event: 9.478 GC heap after
{Heap after GC invocations=6 (full 0):
 garbage-first heap   total 131072K, used 20046K [0x0000000080000000, 0x0000000100000000)
  region size 1024K, 4 young (4096K), 4 survivors (4096K)
 Metaspace       used 26656K, capacity 27272K, committed 27520K, reserved 1073152K
  class space    used 3479K, capacity 3702K, committed 3712K, reserved 1048576K
}
Event: 11.115 GC heap before
{Heap before GC invocations=6 (full 0):
 garbage-first heap   total 131072K, used 81486K [0x0000000080000000, 0x0000000100000000)
  region size 1024K, 65 young (66560K), 4 survivors (4096K)
 Metaspace       used 34854K, capacity 35710K, committed 35840K, reserved 1081344K
  class space    used 4550K, capacity 4899K, committed 4992K, reserved 1048576K
}
Event: 11.130 GC heap after
{Heap after GC invocations=7 (full 0):
 garbage-first heap   total 131072K, used 23151K [0x0000000080000000, 0x0000000100000000)
  region size 1024K, 7 young (7168K), 7 survivors (7168K)
 Metaspace       used 34854K, capacity 35710K, committed 35840K, reserved 1081344K
  class space    used 4550K, capacity 4899K, committed 4992K, reserved 1048576K
}
Event: 12.340 GC heap before
{Heap before GC invocations=8 (full 0):
 garbage-first heap   total 131072K, used 95855K [0x0000000080000000, 0x0000000100000000)
  region size 1024K, 76 young (77824K), 7 survivors (7168K)
 Metaspace       used 40748K, capacity 41753K, committed 41984K, reserved 1085440K
  class space    used 5201K, capacity 5559K, committed 5632K, reserved 1048576K
}
Event: 12.360 GC heap after
{Heap after GC invocations=9 (full 0):
 garbage-first heap   total 131072K, used 29221K [0x0000000080000000, 0x0000000100000000)
  region size 1024K, 10 young (10240K), 10 survivors (10240K)
 Metaspace       used 40748K, capacity 41753K, committed 41984K, reserved 1085440K
  class space    used 5201K, capacity 5559K, committed 5632K, reserved 1048576K
}
Event: 13.473 GC heap before
{Heap before GC invocations=10 (full 0):
 garbage-first heap   total 131072K, used 96805K [0x0000000080000000, 0x0000000100000000)
  region size 1024K, 75 young (76800K), 10 survivors (10240K)
 Metaspace       used 46510K, capacity 47607K, committed 47744K, reserved 1091584K
  class space    used 5994K, capacity 6403K, committed 6528K, reserved 1048576K
}
Event: 13.486 GC heap after
{Heap after GC invocations=11 (full 0):
 garbage-first heap   total 131072K, used 32041K [0x0000000080000000, 0x0000000100000000)
  region size 1024K, 3 young (3072K), 3 survivors (3072K)
 Metaspace       used 46510K, capacity 47607K, committed 47744K, reserved 1091584K
  class space    used 5994K, capacity 6403K, committed 6528K, reserved 1048576K
}
Event: 14.363 GC heap before
{Heap before GC invocations=11 (full 0):
 garbage-first heap   total 131072K, used 101673K [0x0000000080000000, 0x0000000100000000)
  region size 1024K, 68 young (69632K), 3 survivors (3072K)
 Metaspace       used 49368K, capacity 50627K, committed 50944K, reserved 1093632K
  class space    used 6343K, capacity 6830K, committed 6912K, reserved 1048576K
}
Event: 14.369 GC heap after
{Heap after GC invocations=12 (full 0):
 garbage-first heap   total 131072K, used 44606K [0x0000000080000000, 0x0000000100000000)
  region size 1024K, 9 young (9216K), 9 survivors (9216K)
 Metaspace       used 49368K, capacity 50627K, committed 50944K, reserved 1093632K
  class space    used 6343K, capacity 6830K, committed 6912K, reserved 1048576K
}
Event: 15.261 GC heap before
{Heap before GC invocations=12 (full 0):
 garbage-first heap   total 131072K, used 98878K [0x0000000080000000, 0x0000000100000000)
  region size 1024K, 62 young (63488K), 9 survivors (9216K)
 Metaspace       used 57097K, capacity 58510K, committed 58752K, reserved 1099776K
  class space    used 7278K, capacity 7788K, committed 7808K, reserved 1048576K
}
Event: 15.270 GC heap after
{Heap after GC invocations=13 (full 0):
 garbage-first heap   total 131072K, used 47006K [0x0000000080000000, 0x0000000100000000)
  region size 1024K, 3 young (3072K), 3 survivors (3072K)
 Metaspace       used 57097K, capacity 58510K, committed 58752K, reserved 1099776K
  class space    used 7278K, capacity 7788K, committed 7808K, reserved 1048576K
}

